0 info it worked if it ends with ok
1 verbose cli [ '/usr/bin/nodejs', '/usr/bin/npm', 'install' ]
2 info using npm@2.15.1
3 info using node@v4.4.3
4 verbose readDependencies loading dependencies from /home/acestudio/server/testing/package.json
5 warn package.json testing@1.0.0 No repository field.
6 verbose install where, deps [ '/home/acestudio/server/testing',
6 verbose install   [ 'chai',
6 verbose install     'chai-webdriver',
6 verbose install     'chai-webdriver-exec',
6 verbose install     'gulp',
6 verbose install     'gulp-mocha',
6 verbose install     'gulp-process-env',
6 verbose install     'selenium-webdriver' ] ]
7 verbose install where, peers [ '/home/acestudio/server/testing', [] ]
8 verbose installManyTop reading for lifecycle /home/acestudio/server/testing/package.json
9 info preinstall testing@1.0.0
10 verbose unsafe-perm in lifecycle true
11 info testing@1.0.0 Failed to exec preinstall script
12 verbose stack Error: testing@1.0.0 preinstall: `npm install -g mocha gulp-cli`
12 verbose stack Exit status 243
12 verbose stack     at EventEmitter.<anonymous> (/usr/lib/node_modules/npm/lib/utils/lifecycle.js:217:16)
12 verbose stack     at emitTwo (events.js:87:13)
12 verbose stack     at EventEmitter.emit (events.js:172:7)
12 verbose stack     at ChildProcess.<anonymous> (/usr/lib/node_modules/npm/lib/utils/spawn.js:24:14)
12 verbose stack     at emitTwo (events.js:87:13)
12 verbose stack     at ChildProcess.emit (events.js:172:7)
12 verbose stack     at maybeClose (internal/child_process.js:827:16)
12 verbose stack     at Process.ChildProcess._handle.onexit (internal/child_process.js:211:5)
13 verbose pkgid testing@1.0.0
14 verbose cwd /home/acestudio/server/testing
15 error Linux 3.19.0-58-generic
16 error argv "/usr/bin/nodejs" "/usr/bin/npm" "install"
17 error node v4.4.3
18 error npm  v2.15.1
19 error code ELIFECYCLE
20 error testing@1.0.0 preinstall: `npm install -g mocha gulp-cli`
20 error Exit status 243
21 error Failed at the testing@1.0.0 preinstall script 'npm install -g mocha gulp-cli'.
21 error This is most likely a problem with the testing package,
21 error not with npm itself.
21 error Tell the author that this fails on your system:
21 error     npm install -g mocha gulp-cli
21 error You can get information on how to open an issue for this project with:
21 error     npm bugs testing
21 error Or if that isn't available, you can get their info via:
21 error
21 error     npm owner ls testing
21 error There is likely additional logging output above.
22 verbose exit [ 1, true ]
